[debug] [2023-02-14T15:12:02.041Z] ----------------------------------------------------------------------
[debug] [2023-02-14T15:12:02.042Z] Command:       C:\Program Files\nodejs\node.exe C:\Users\rrvig\AppData\Roaming\npm\node_modules\firebase-tools\lib\bin\firebase.js init
[debug] [2023-02-14T15:12:02.043Z] CLI Version:   11.22.0
[debug] [2023-02-14T15:12:02.043Z] Platform:      win32
[debug] [2023-02-14T15:12:02.043Z] Node Version:  v16.18.0
[debug] [2023-02-14T15:12:02.043Z] Time:          Tue Feb 14 2023 20:42:02 GMT+0530 (India Standard Time)
[debug] [2023-02-14T15:12:02.044Z] ----------------------------------------------------------------------
[debug] 
[debug] [2023-02-14T15:12:02.107Z] > command requires scopes: ["email","openid","https://www.googleapis.com/auth/cloudplatformprojects.readonly","https://www.googleapis.com/auth/firebase","https://www.googleapis.com/auth/cloud-platform"]
[debug] [2023-02-14T15:12:02.108Z] > authorizing via signed-in user (rrvigneshkumar2002@gmail.com)
[info] 
     ######## #### ########  ######## ########     ###     ######  ########
     ##        ##  ##     ## ##       ##     ##  ##   ##  ##       ##
     ######    ##  ########  ######   ########  #########  ######  ######
     ##        ##  ##    ##  ##       ##     ## ##     ##       ## ##
     ##       #### ##     ## ######## ########  ##     ##  ######  ########

You're about to initialize a Firebase project in this directory:

  E:\Dev\github-clones\boxtech

Before we get started, keep in mind:

  * You are initializing within an existing Firebase project directory

